mode: set
github.com/dipay/internal/error_wrapper.go:28.56,32.2 3 1
github.com/dipay/internal/error_wrapper.go:34.38,36.2 1 1
github.com/dipay/internal/error_wrapper.go:38.38,40.13 2 1
github.com/dipay/internal/error_wrapper.go:40.13,42.3 1 1
github.com/dipay/internal/error_wrapper.go:43.2,43.13 1 1
github.com/dipay/internal/error_wrapper.go:46.49,48.13 2 1
github.com/dipay/internal/error_wrapper.go:48.13,50.3 1 1
github.com/dipay/internal/error_wrapper.go:51.2,51.13 1 1
github.com/dipay/internal/error_wrapper.go:54.32,56.13 2 1
github.com/dipay/internal/error_wrapper.go:56.13,58.3 1 1
github.com/dipay/internal/error_wrapper.go:59.2,59.12 1 1
github.com/dipay/internal/util.go:3.48,6.34 3 1
github.com/dipay/internal/util.go:6.34,7.20 1 1
github.com/dipay/internal/util.go:7.20,9.4 1 1
github.com/dipay/internal/util.go:11.2,11.34 1 1
github.com/dipay/internal/util.go:11.34,12.20 1 1
github.com/dipay/internal/util.go:12.20,13.26 1 1
github.com/dipay/internal/util.go:13.26,15.5 1 1
github.com/dipay/internal/util.go:16.4,16.14 1 1
github.com/dipay/internal/util.go:18.3,18.25 1 1
github.com/dipay/internal/util.go:18.25,20.4 1 1
github.com/dipay/internal/util.go:23.2,23.14 1 1
github.com/dipay/commons/convert.go:3.31,5.2 1 1
github.com/dipay/commons/convert.go:7.22,9.2 1 1
github.com/dipay/commons/convert.go:11.28,13.2 1 1
github.com/dipay/commons/file_reader.go:12.34,14.2 1 1
github.com/dipay/commons/file_reader.go:15.64,17.2 1 0
github.com/dipay/commons/response_wrapper.go:25.71,30.2 1 1
github.com/dipay/commons/response_wrapper.go:32.94,37.2 1 1
github.com/dipay/commons/response_wrapper.go:39.96,47.2 1 1
github.com/dipay/commons/response_wrapper.go:49.78,55.2 1 1
github.com/dipay/internal/jwt/jwt.go:27.71,32.2 1 1
github.com/dipay/internal/jwt/jwt.go:34.95,42.16 7 1
github.com/dipay/internal/jwt/jwt.go:42.16,44.3 1 1
github.com/dipay/internal/jwt/jwt.go:45.2,46.16 2 1
github.com/dipay/internal/jwt/jwt.go:46.16,48.3 1 1
github.com/dipay/internal/jwt/jwt.go:50.2,51.16 2 1
github.com/dipay/internal/jwt/jwt.go:51.16,53.3 1 0
github.com/dipay/internal/jwt/jwt.go:55.2,55.25 1 1
github.com/dipay/internal/jwt/jwt.go:58.89,60.16 2 1
github.com/dipay/internal/jwt/jwt.go:60.16,62.3 1 1
github.com/dipay/internal/jwt/jwt.go:64.2,65.16 2 1
github.com/dipay/internal/jwt/jwt.go:65.16,67.3 1 1
github.com/dipay/internal/jwt/jwt.go:68.2,68.85 1 1
github.com/dipay/internal/jwt/jwt.go:68.85,69.53 1 1
github.com/dipay/internal/jwt/jwt.go:69.53,71.4 1 0
github.com/dipay/internal/jwt/jwt.go:72.3,72.18 1 1
github.com/dipay/internal/jwt/jwt.go:75.2,75.16 1 1
github.com/dipay/internal/jwt/jwt.go:75.16,77.3 1 1
github.com/dipay/internal/jwt/jwt.go:78.2,79.31 2 1
github.com/dipay/internal/jwt/jwt.go:79.31,81.3 1 0
github.com/dipay/internal/jwt/jwt.go:83.2,84.16 2 1
github.com/dipay/internal/jwt/jwt.go:84.16,86.3 1 0
github.com/dipay/internal/jwt/jwt.go:88.2,89.16 2 1
github.com/dipay/internal/jwt/jwt.go:89.16,91.3 1 0
github.com/dipay/internal/jwt/jwt.go:93.2,93.46 1 1
github.com/dipay/internal/middleware/group.go:31.56,33.2 1 1
github.com/dipay/internal/middleware/group.go:35.85,41.2 5 0
github.com/dipay/internal/middleware/group.go:43.77,48.2 4 1
github.com/dipay/internal/middleware/group.go:51.64,53.2 1 1
github.com/dipay/internal/middleware/group.go:56.63,58.2 1 0
github.com/dipay/internal/middleware/group.go:61.60,63.2 1 0
github.com/dipay/internal/middleware/group.go:66.61,68.2 1 0
github.com/dipay/internal/middleware/group.go:71.64,73.2 1 0
github.com/dipay/internal/middleware/group.go:76.62,78.2 1 0
github.com/dipay/internal/middleware/group.go:81.61,83.2 1 0
github.com/dipay/internal/middleware/group.go:86.60,88.2 1 0
github.com/dipay/internal/middleware/group.go:91.62,93.2 1 0
github.com/dipay/internal/middleware/group.go:96.69,97.28 1 0
github.com/dipay/internal/middleware/group.go:97.28,99.3 1 0
github.com/dipay/internal/middleware/group.go:103.89,104.28 1 0
github.com/dipay/internal/middleware/group.go:104.28,106.3 1 0
github.com/dipay/internal/middleware/middleware.go:18.41,25.2 2 1
github.com/dipay/internal/middleware/middleware.go:27.86,34.2 3 1
github.com/dipay/internal/middleware/middleware.go:36.86,37.28 1 1
github.com/dipay/internal/middleware/middleware.go:37.28,39.3 1 0
github.com/dipay/internal/middleware/middleware.go:40.2,40.43 1 1
github.com/dipay/internal/middleware/middleware.go:40.43,42.3 1 1
github.com/dipay/internal/middleware/middleware.go:43.2,43.49 1 1
github.com/dipay/internal/middleware/middleware.go:43.49,45.3 1 1
github.com/dipay/internal/middleware/middleware.go:46.2,47.58 2 1
github.com/dipay/internal/middleware/middleware.go:47.58,47.72 1 0
github.com/dipay/internal/middleware/middleware.go:50.73,51.36 1 1
github.com/dipay/internal/middleware/middleware.go:51.36,54.44 3 1
github.com/dipay/internal/middleware/middleware.go:54.44,56.4 1 0
github.com/dipay/internal/middleware/middleware.go:58.3,62.55 4 1
github.com/dipay/internal/middleware/middleware.go:62.55,64.4 1 0
github.com/dipay/internal/middleware/middleware.go:66.3,67.45 2 1
github.com/dipay/internal/middleware/middleware.go:67.45,69.4 1 1
github.com/dipay/internal/middleware/middleware.go:70.3,70.17 1 1
github.com/dipay/internal/middleware/middleware.go:74.63,75.54 1 1
github.com/dipay/internal/middleware/middleware.go:75.54,76.37 1 1
github.com/dipay/internal/middleware/middleware.go:76.37,78.24 2 1
github.com/dipay/internal/middleware/middleware.go:78.24,80.5 1 1
github.com/dipay/internal/middleware/middleware.go:82.4,83.28 2 1
github.com/dipay/internal/middleware/middleware.go:83.28,85.5 1 1
github.com/dipay/internal/middleware/middleware.go:87.4,89.18 3 1
github.com/dipay/internal/middleware/middleware.go:89.18,91.5 1 1
github.com/dipay/internal/middleware/middleware.go:92.4,92.20 1 1
github.com/dipay/internal/middleware/middleware.go:92.20,94.5 1 1
github.com/dipay/internal/middleware/middleware.go:95.4,95.22 1 1
github.com/dipay/internal/middleware/middleware.go:95.22,97.5 1 1
github.com/dipay/internal/middleware/middleware.go:99.4,101.18 3 1
github.com/dipay/internal/validations/validations.go:37.68,40.16 3 1
github.com/dipay/internal/validations/validations.go:40.16,41.56 1 0
github.com/dipay/internal/validations/validations.go:41.56,46.4 1 0
github.com/dipay/internal/validations/validations.go:49.2,49.25 1 1
github.com/dipay/internal/validations/validations.go:52.118,54.2 1 0
github.com/dipay/internal/validations/validations.go:56.38,60.2 1 1
github.com/dipay/internal/validations/validations.go:62.54,64.20 2 1
github.com/dipay/internal/validations/validations.go:64.20,66.3 1 1
github.com/dipay/internal/validations/validations.go:68.2,68.13 1 1
github.com/dipay/internal/validations/validations.go:71.53,73.19 2 1
github.com/dipay/internal/validations/validations.go:73.19,75.3 1 1
github.com/dipay/internal/validations/validations.go:77.2,77.13 1 1
github.com/dipay/internal/validations/validations.go:80.57,82.19 2 1
github.com/dipay/internal/validations/validations.go:82.19,84.3 1 1
github.com/dipay/internal/validations/validations.go:86.2,86.13 1 1
github.com/dipay/internal/validations/validations.go:88.56,90.19 2 1
github.com/dipay/internal/validations/validations.go:90.19,92.3 1 1
github.com/dipay/internal/validations/validations.go:94.2,94.13 1 1
github.com/dipay/internal/validations/validations.go:97.50,99.17 2 1
github.com/dipay/internal/validations/validations.go:99.17,101.3 1 1
github.com/dipay/internal/validations/validations.go:103.2,103.13 1 1
github.com/dipay/internal/validations/validations.go:106.53,108.20 2 1
github.com/dipay/internal/validations/validations.go:108.20,110.3 1 1
github.com/dipay/internal/validations/validations.go:112.2,112.13 1 1
github.com/dipay/internal/validations/validations.go:114.53,116.20 2 1
github.com/dipay/internal/validations/validations.go:116.20,118.3 1 1
github.com/dipay/internal/validations/validations.go:120.2,120.13 1 1
github.com/dipay/internal/validations/validations.go:127.58,129.13 2 0
github.com/dipay/internal/validations/validations.go:129.13,131.3 1 0
github.com/dipay/internal/validations/validations.go:133.2,133.13 1 0
github.com/dipay/internal/validations/validations.go:136.54,138.20 2 1
github.com/dipay/internal/validations/validations.go:138.20,140.3 1 1
github.com/dipay/internal/validations/validations.go:142.2,142.13 1 1
github.com/dipay/internal/validations/validations.go:145.61,146.31 1 1
github.com/dipay/internal/validations/validations.go:146.31,149.3 2 0
github.com/dipay/internal/validations/validations.go:151.2,151.31 1 1
github.com/dipay/internal/validations/validations.go:151.31,154.3 2 0
github.com/dipay/internal/validations/validations.go:156.2,156.75 1 1
github.com/dipay/controller/company_controller.go:29.140,35.2 1 1
github.com/dipay/controller/company_controller.go:37.62,42.36 4 1
github.com/dipay/controller/company_controller.go:42.36,44.3 1 1
github.com/dipay/controller/company_controller.go:46.2,47.30 2 1
github.com/dipay/controller/company_controller.go:47.30,49.39 2 1
github.com/dipay/controller/company_controller.go:49.39,51.4 1 1
github.com/dipay/controller/company_controller.go:52.3,52.112 1 1
github.com/dipay/controller/company_controller.go:55.2,56.16 2 1
github.com/dipay/controller/company_controller.go:56.16,58.3 1 1
github.com/dipay/controller/company_controller.go:59.2,72.45 2 1
github.com/dipay/controller/company_controller.go:75.62,79.16 4 1
github.com/dipay/controller/company_controller.go:79.16,81.3 1 1
github.com/dipay/controller/company_controller.go:82.2,90.38 2 1
github.com/dipay/controller/company_controller.go:90.38,105.3 2 1
github.com/dipay/controller/company_controller.go:107.2,125.40 2 1
github.com/dipay/controller/company_controller.go:128.88,132.16 4 1
github.com/dipay/controller/company_controller.go:132.16,134.3 1 1
github.com/dipay/controller/company_controller.go:136.2,151.40 2 1
github.com/dipay/controller/countries_controller.go:25.114,30.2 1 1
github.com/dipay/controller/countries_controller.go:32.71,37.16 4 1
github.com/dipay/controller/countries_controller.go:37.16,39.3 1 1
github.com/dipay/controller/countries_controller.go:41.2,46.40 2 1
github.com/dipay/controller/countries_controller.go:46.40,56.3 1 1
github.com/dipay/controller/countries_controller.go:58.2,65.40 2 1
github.com/dipay/controller/duplicate_zero_controller.go:25.112,30.2 1 1
github.com/dipay/controller/duplicate_zero_controller.go:32.71,37.36 4 1
github.com/dipay/controller/duplicate_zero_controller.go:37.36,39.3 1 1
github.com/dipay/controller/duplicate_zero_controller.go:41.2,42.30 2 1
github.com/dipay/controller/duplicate_zero_controller.go:42.30,44.39 2 1
github.com/dipay/controller/duplicate_zero_controller.go:44.39,46.4 1 1
github.com/dipay/controller/duplicate_zero_controller.go:47.3,47.112 1 1
github.com/dipay/controller/duplicate_zero_controller.go:49.2,62.40 3 1
github.com/dipay/controller/employee_controller.go:31.144,37.2 1 1
github.com/dipay/controller/employee_controller.go:39.82,44.36 4 1
github.com/dipay/controller/employee_controller.go:44.36,46.3 1 1
github.com/dipay/controller/employee_controller.go:48.2,49.30 2 1
github.com/dipay/controller/employee_controller.go:49.30,51.39 2 1
github.com/dipay/controller/employee_controller.go:51.39,53.4 1 1
github.com/dipay/controller/employee_controller.go:54.3,54.112 1 1
github.com/dipay/controller/employee_controller.go:57.2,58.16 2 1
github.com/dipay/controller/employee_controller.go:58.16,60.3 1 1
github.com/dipay/controller/employee_controller.go:62.2,74.45 2 1
github.com/dipay/controller/employee_controller.go:77.87,81.22 3 1
github.com/dipay/controller/employee_controller.go:81.22,83.3 1 1
github.com/dipay/controller/employee_controller.go:84.2,85.16 2 1
github.com/dipay/controller/employee_controller.go:85.16,87.3 1 1
github.com/dipay/controller/employee_controller.go:89.2,105.40 2 1
github.com/dipay/controller/employee_controller.go:108.93,112.21 3 1
github.com/dipay/controller/employee_controller.go:112.21,114.3 1 1
github.com/dipay/controller/employee_controller.go:116.2,117.16 2 1
github.com/dipay/controller/employee_controller.go:117.16,119.3 1 1
github.com/dipay/controller/employee_controller.go:120.2,126.40 2 1
github.com/dipay/controller/employee_controller.go:126.40,139.3 2 1
github.com/dipay/controller/employee_controller.go:141.2,156.40 2 1
github.com/dipay/controller/employee_controller.go:159.108,164.36 4 1
github.com/dipay/controller/employee_controller.go:164.36,166.3 1 1
github.com/dipay/controller/employee_controller.go:168.2,169.30 2 1
github.com/dipay/controller/employee_controller.go:169.30,171.39 2 1
github.com/dipay/controller/employee_controller.go:171.39,173.4 1 1
github.com/dipay/controller/employee_controller.go:174.3,174.112 1 1
github.com/dipay/controller/employee_controller.go:177.2,178.16 2 1
github.com/dipay/controller/employee_controller.go:178.16,180.3 1 1
github.com/dipay/controller/employee_controller.go:182.2,194.45 2 1
github.com/dipay/controller/employee_controller.go:197.90,201.22 3 1
github.com/dipay/controller/employee_controller.go:201.22,203.3 1 1
github.com/dipay/controller/employee_controller.go:205.2,206.16 2 1
github.com/dipay/controller/employee_controller.go:206.16,208.3 1 1
github.com/dipay/controller/employee_controller.go:210.2,210.41 1 1
github.com/dipay/controller/user_admin_controller.go:28.148,34.2 1 1
github.com/dipay/controller/user_admin_controller.go:36.84,38.2 1 1
github.com/dipay/controller/user_admin_controller.go:40.59,45.36 4 1
github.com/dipay/controller/user_admin_controller.go:45.36,47.3 1 1
github.com/dipay/controller/user_admin_controller.go:49.2,50.30 2 1
github.com/dipay/controller/user_admin_controller.go:50.30,52.39 2 1
github.com/dipay/controller/user_admin_controller.go:52.39,54.4 1 1
github.com/dipay/controller/user_admin_controller.go:55.3,55.112 1 1
github.com/dipay/controller/user_admin_controller.go:58.2,59.16 2 1
github.com/dipay/controller/user_admin_controller.go:59.16,61.3 1 1
github.com/dipay/controller/user_admin_controller.go:63.2,74.40 2 1
github.com/dipay/cmd/handlers/company_handler.go:10.68,16.2 5 1
github.com/dipay/cmd/handlers/countries_handler.go:10.72,16.2 5 1
github.com/dipay/cmd/handlers/duplicate_zero_handler.go:7.80,11.2 2 1
github.com/dipay/cmd/handlers/employee_handler.go:10.70,19.2 7 1
github.com/dipay/cmd/handlers/handlers.go:14.61,18.2 1 1
github.com/dipay/cmd/handlers/handlers.go:28.87,30.2 1 1
github.com/dipay/cmd/handlers/handlers.go:32.64,34.2 1 1
github.com/dipay/cmd/handlers/handlers.go:36.69,38.2 1 1
github.com/dipay/cmd/handlers/handlers.go:40.69,42.2 1 1
github.com/dipay/cmd/handlers/handlers.go:44.95,46.2 1 1
github.com/dipay/cmd/handlers/handlers.go:48.81,50.2 1 1
github.com/dipay/cmd/handlers/handlers.go:52.85,54.2 1 1
github.com/dipay/cmd/handlers/handlers.go:56.92,58.2 1 1
github.com/dipay/cmd/handlers/handlers.go:60.114,62.2 1 1
github.com/dipay/cmd/handlers/handlers.go:64.88,66.2 1 1
github.com/dipay/cmd/handlers/handlers.go:68.75,70.2 1 1
github.com/dipay/cmd/handlers/handlers.go:72.72,74.2 1 1
github.com/dipay/cmd/handlers/user_admin_handler.go:10.72,16.2 5 1
github.com/dipay/repositories/company_repository.go:25.106,30.2 1 1
github.com/dipay/repositories/company_repository.go:32.105,36.16 4 1
github.com/dipay/repositories/company_repository.go:36.16,38.3 1 1
github.com/dipay/repositories/company_repository.go:39.2,39.12 1 1
github.com/dipay/repositories/company_repository.go:42.104,46.16 4 1
github.com/dipay/repositories/company_repository.go:46.16,48.3 1 1
github.com/dipay/repositories/company_repository.go:49.2,51.31 3 1
github.com/dipay/repositories/company_repository.go:51.31,54.17 3 1
github.com/dipay/repositories/company_repository.go:54.17,56.4 1 1
github.com/dipay/repositories/company_repository.go:57.3,57.41 1 0
github.com/dipay/repositories/company_repository.go:59.2,59.23 1 1
github.com/dipay/repositories/company_repository.go:62.105,66.16 4 1
github.com/dipay/repositories/company_repository.go:66.16,68.3 1 1
github.com/dipay/repositories/company_repository.go:69.2,70.27 2 1
github.com/dipay/repositories/company_repository.go:73.103,77.16 4 1
github.com/dipay/repositories/company_repository.go:77.16,79.3 1 1
github.com/dipay/repositories/company_repository.go:80.2,80.37 1 1
github.com/dipay/repositories/company_repository.go:80.37,82.3 1 1
github.com/dipay/repositories/company_repository.go:84.2,84.12 1 1
github.com/dipay/repositories/countries_repository.go:20.105,25.2 1 1
github.com/dipay/repositories/countries_repository.go:27.94,30.16 2 1
github.com/dipay/repositories/countries_repository.go:30.16,32.3 1 1
github.com/dipay/repositories/countries_repository.go:33.2,35.16 3 1
github.com/dipay/repositories/countries_repository.go:35.16,38.3 2 1
github.com/dipay/repositories/countries_repository.go:40.2,40.30 1 1
github.com/dipay/repositories/employee_repository.go:27.107,32.2 1 1
github.com/dipay/repositories/employee_repository.go:34.105,38.16 4 1
github.com/dipay/repositories/employee_repository.go:38.16,40.3 1 1
github.com/dipay/repositories/employee_repository.go:41.2,43.31 3 1
github.com/dipay/repositories/employee_repository.go:43.31,46.17 3 1
github.com/dipay/repositories/employee_repository.go:46.17,48.4 1 1
github.com/dipay/repositories/employee_repository.go:49.3,49.42 1 0
github.com/dipay/repositories/employee_repository.go:51.2,51.23 1 1
github.com/dipay/repositories/employee_repository.go:54.106,58.16 4 1
github.com/dipay/repositories/employee_repository.go:58.16,60.3 1 1
github.com/dipay/repositories/employee_repository.go:62.2,62.12 1 1
github.com/dipay/repositories/employee_repository.go:65.106,70.16 5 1
github.com/dipay/repositories/employee_repository.go:70.16,72.3 1 1
github.com/dipay/repositories/employee_repository.go:73.2,74.27 2 1
github.com/dipay/repositories/employee_repository.go:77.104,81.16 4 1
github.com/dipay/repositories/employee_repository.go:81.16,83.3 1 1
github.com/dipay/repositories/employee_repository.go:84.2,84.37 1 1
github.com/dipay/repositories/employee_repository.go:84.37,86.3 1 1
github.com/dipay/repositories/employee_repository.go:88.2,88.12 1 1
github.com/dipay/repositories/employee_repository.go:91.84,95.16 4 1
github.com/dipay/repositories/employee_repository.go:95.16,97.3 1 1
github.com/dipay/repositories/employee_repository.go:99.2,99.12 1 1
github.com/dipay/repositories/user_admin_repository.go:19.110,24.2 1 1
github.com/dipay/repositories/user_admin_repository.go:26.104,30.16 4 1
github.com/dipay/repositories/user_admin_repository.go:30.16,32.3 1 1
github.com/dipay/repositories/user_admin_repository.go:34.2,34.12 1 1
github.com/dipay/usecase/company_use_case.go:27.91,31.2 1 1
github.com/dipay/usecase/company_use_case.go:33.103,44.16 3 1
github.com/dipay/usecase/company_use_case.go:44.16,46.3 1 1
github.com/dipay/usecase/company_use_case.go:48.2,48.32 1 1
github.com/dipay/usecase/company_use_case.go:51.86,53.16 2 1
github.com/dipay/usecase/company_use_case.go:53.16,54.43 1 1
github.com/dipay/usecase/company_use_case.go:54.43,56.4 1 1
github.com/dipay/usecase/company_use_case.go:57.3,57.64 1 1
github.com/dipay/usecase/company_use_case.go:60.2,60.27 1 1
github.com/dipay/usecase/company_use_case.go:63.130,67.16 3 1
github.com/dipay/usecase/company_use_case.go:67.16,69.3 1 1
github.com/dipay/usecase/company_use_case.go:71.2,72.16 2 1
github.com/dipay/usecase/company_use_case.go:72.16,73.57 1 1
github.com/dipay/usecase/company_use_case.go:73.57,75.4 1 1
github.com/dipay/usecase/company_use_case.go:76.3,76.70 1 1
github.com/dipay/usecase/company_use_case.go:79.2,81.16 3 1
github.com/dipay/usecase/company_use_case.go:81.16,83.3 1 1
github.com/dipay/usecase/company_use_case.go:84.2,84.48 1 1
github.com/dipay/usecase/countries_use_case.go:17.99,21.2 1 1
github.com/dipay/usecase/countries_use_case.go:23.104,25.16 2 1
github.com/dipay/usecase/countries_use_case.go:25.16,27.3 1 1
github.com/dipay/usecase/countries_use_case.go:28.2,28.27 1 1
github.com/dipay/usecase/employee_use_case.go:30.146,35.2 1 1
github.com/dipay/usecase/employee_use_case.go:37.134,41.16 3 1
github.com/dipay/usecase/employee_use_case.go:41.16,43.3 1 1
github.com/dipay/usecase/employee_use_case.go:45.2,46.16 2 1
github.com/dipay/usecase/employee_use_case.go:46.16,47.43 1 1
github.com/dipay/usecase/employee_use_case.go:47.43,49.4 1 1
github.com/dipay/usecase/employee_use_case.go:50.3,50.67 1 1
github.com/dipay/usecase/employee_use_case.go:53.2,63.16 3 1
github.com/dipay/usecase/employee_use_case.go:63.16,64.43 1 1
github.com/dipay/usecase/employee_use_case.go:64.43,66.4 1 1
github.com/dipay/usecase/employee_use_case.go:67.3,67.67 1 1
github.com/dipay/usecase/employee_use_case.go:69.2,71.16 3 1
github.com/dipay/usecase/employee_use_case.go:71.16,73.3 1 1
github.com/dipay/usecase/employee_use_case.go:74.2,74.51 1 1
github.com/dipay/usecase/employee_use_case.go:77.111,79.16 2 1
github.com/dipay/usecase/employee_use_case.go:79.16,81.3 1 1
github.com/dipay/usecase/employee_use_case.go:83.2,85.16 3 1
github.com/dipay/usecase/employee_use_case.go:85.16,86.43 1 1
github.com/dipay/usecase/employee_use_case.go:86.43,88.4 1 1
github.com/dipay/usecase/employee_use_case.go:89.3,89.64 1 1
github.com/dipay/usecase/employee_use_case.go:92.2,92.23 1 1
github.com/dipay/usecase/employee_use_case.go:96.119,98.16 2 1
github.com/dipay/usecase/employee_use_case.go:98.16,99.43 1 1
github.com/dipay/usecase/employee_use_case.go:99.43,101.4 1 1
github.com/dipay/usecase/employee_use_case.go:102.3,102.64 1 1
github.com/dipay/usecase/employee_use_case.go:105.2,105.26 1 1
github.com/dipay/usecase/employee_use_case.go:109.174,112.16 3 1
github.com/dipay/usecase/employee_use_case.go:112.16,114.3 1 1
github.com/dipay/usecase/employee_use_case.go:115.2,116.16 2 1
github.com/dipay/usecase/employee_use_case.go:116.16,117.57 1 1
github.com/dipay/usecase/employee_use_case.go:117.57,119.4 1 1
github.com/dipay/usecase/employee_use_case.go:120.3,120.67 1 1
github.com/dipay/usecase/employee_use_case.go:123.2,125.16 3 1
github.com/dipay/usecase/employee_use_case.go:125.16,127.3 1 1
github.com/dipay/usecase/employee_use_case.go:128.2,128.51 1 1
github.com/dipay/usecase/employee_use_case.go:132.94,134.16 2 1
github.com/dipay/usecase/employee_use_case.go:134.16,136.3 1 1
github.com/dipay/usecase/employee_use_case.go:138.2,139.16 2 1
github.com/dipay/usecase/employee_use_case.go:139.16,140.43 1 1
github.com/dipay/usecase/employee_use_case.go:140.43,142.4 1 1
github.com/dipay/usecase/employee_use_case.go:143.3,143.59 1 1
github.com/dipay/usecase/employee_use_case.go:145.2,145.12 1 1
github.com/dipay/usecase/use_admin_use_case.go:25.121,30.2 1 1
github.com/dipay/usecase/use_admin_use_case.go:32.95,35.16 3 1
github.com/dipay/usecase/use_admin_use_case.go:35.16,36.43 1 1
github.com/dipay/usecase/use_admin_use_case.go:36.43,38.4 1 1
github.com/dipay/usecase/use_admin_use_case.go:39.3,39.63 1 1
github.com/dipay/usecase/use_admin_use_case.go:42.2,43.16 2 1
github.com/dipay/usecase/use_admin_use_case.go:43.16,45.3 1 1
github.com/dipay/usecase/use_admin_use_case.go:47.2,47.19 1 1
