mode: set
github.com/dipay/internal/error_wrapper.go:35.56,39.2 3 1
github.com/dipay/internal/error_wrapper.go:41.38,43.2 1 1
github.com/dipay/internal/error_wrapper.go:45.38,47.13 2 1
github.com/dipay/internal/error_wrapper.go:47.13,49.3 1 1
github.com/dipay/internal/error_wrapper.go:50.2,50.13 1 1
github.com/dipay/internal/error_wrapper.go:53.49,55.13 2 1
github.com/dipay/internal/error_wrapper.go:55.13,57.3 1 1
github.com/dipay/internal/error_wrapper.go:58.2,58.13 1 1
github.com/dipay/internal/error_wrapper.go:61.32,63.13 2 1
github.com/dipay/internal/error_wrapper.go:63.13,65.3 1 1
github.com/dipay/internal/error_wrapper.go:66.2,66.12 1 1
github.com/dipay/internal/util.go:3.48,6.34 3 1
github.com/dipay/internal/util.go:6.34,7.20 1 1
github.com/dipay/internal/util.go:7.20,9.4 1 1
github.com/dipay/internal/util.go:11.2,11.34 1 1
github.com/dipay/internal/util.go:11.34,12.20 1 1
github.com/dipay/internal/util.go:12.20,13.26 1 1
github.com/dipay/internal/util.go:13.26,15.5 1 1
github.com/dipay/internal/util.go:16.4,16.14 1 1
github.com/dipay/internal/util.go:18.3,18.25 1 1
github.com/dipay/internal/util.go:18.25,20.4 1 1
github.com/dipay/internal/util.go:23.2,23.14 1 1
github.com/dipay/internal/jwt/jwt.go:27.71,32.2 1 1
github.com/dipay/internal/jwt/jwt.go:34.95,42.16 7 1
github.com/dipay/internal/jwt/jwt.go:42.16,44.3 1 1
github.com/dipay/internal/jwt/jwt.go:45.2,46.16 2 1
github.com/dipay/internal/jwt/jwt.go:46.16,48.3 1 1
github.com/dipay/internal/jwt/jwt.go:50.2,51.16 2 1
github.com/dipay/internal/jwt/jwt.go:51.16,53.3 1 0
github.com/dipay/internal/jwt/jwt.go:55.2,55.25 1 1
github.com/dipay/internal/jwt/jwt.go:58.89,60.16 2 1
github.com/dipay/internal/jwt/jwt.go:60.16,62.3 1 1
github.com/dipay/internal/jwt/jwt.go:64.2,65.16 2 1
github.com/dipay/internal/jwt/jwt.go:65.16,67.3 1 1
github.com/dipay/internal/jwt/jwt.go:68.2,68.85 1 1
github.com/dipay/internal/jwt/jwt.go:68.85,69.53 1 1
github.com/dipay/internal/jwt/jwt.go:69.53,71.4 1 0
github.com/dipay/internal/jwt/jwt.go:72.3,72.18 1 1
github.com/dipay/internal/jwt/jwt.go:75.2,75.16 1 1
github.com/dipay/internal/jwt/jwt.go:75.16,77.3 1 1
github.com/dipay/internal/jwt/jwt.go:78.2,79.31 2 1
github.com/dipay/internal/jwt/jwt.go:79.31,81.3 1 0
github.com/dipay/internal/jwt/jwt.go:83.2,84.16 2 1
github.com/dipay/internal/jwt/jwt.go:84.16,86.3 1 0
github.com/dipay/internal/jwt/jwt.go:88.2,89.16 2 1
github.com/dipay/internal/jwt/jwt.go:89.16,91.3 1 0
github.com/dipay/internal/jwt/jwt.go:93.2,93.46 1 1
github.com/dipay/commons/convert.go:3.31,5.2 1 1
github.com/dipay/commons/convert.go:7.22,9.2 1 1
github.com/dipay/commons/convert.go:11.28,13.2 1 1
github.com/dipay/commons/file_reader.go:12.34,14.2 1 1
github.com/dipay/commons/file_reader.go:15.64,17.2 1 0
github.com/dipay/commons/response_wrapper.go:25.71,30.2 1 1
github.com/dipay/commons/response_wrapper.go:32.94,37.2 1 1
github.com/dipay/commons/response_wrapper.go:39.96,47.2 1 1
github.com/dipay/commons/response_wrapper.go:49.78,55.2 1 1
github.com/dipay/internal/middleware/group.go:31.56,33.2 1 1
github.com/dipay/internal/middleware/group.go:35.85,41.2 5 0
github.com/dipay/internal/middleware/group.go:43.77,48.2 4 1
github.com/dipay/internal/middleware/group.go:51.64,53.2 1 1
github.com/dipay/internal/middleware/group.go:56.63,58.2 1 0
github.com/dipay/internal/middleware/group.go:61.60,63.2 1 0
github.com/dipay/internal/middleware/group.go:66.61,68.2 1 0
github.com/dipay/internal/middleware/group.go:71.64,73.2 1 0
github.com/dipay/internal/middleware/group.go:76.62,78.2 1 0
github.com/dipay/internal/middleware/group.go:81.61,83.2 1 0
github.com/dipay/internal/middleware/group.go:86.60,88.2 1 0
github.com/dipay/internal/middleware/group.go:91.62,93.2 1 0
github.com/dipay/internal/middleware/group.go:96.69,97.28 1 0
github.com/dipay/internal/middleware/group.go:97.28,99.3 1 0
github.com/dipay/internal/middleware/group.go:103.89,104.28 1 0
github.com/dipay/internal/middleware/group.go:104.28,106.3 1 0
github.com/dipay/internal/middleware/middleware.go:18.41,25.2 2 1
github.com/dipay/internal/middleware/middleware.go:27.86,34.2 3 1
github.com/dipay/internal/middleware/middleware.go:36.86,37.28 1 1
github.com/dipay/internal/middleware/middleware.go:37.28,39.3 1 0
github.com/dipay/internal/middleware/middleware.go:40.2,40.43 1 1
github.com/dipay/internal/middleware/middleware.go:40.43,42.3 1 1
github.com/dipay/internal/middleware/middleware.go:43.2,43.49 1 1
github.com/dipay/internal/middleware/middleware.go:43.49,45.3 1 1
github.com/dipay/internal/middleware/middleware.go:46.2,47.58 2 1
github.com/dipay/internal/middleware/middleware.go:47.58,47.72 1 0
github.com/dipay/internal/middleware/middleware.go:50.73,51.36 1 1
github.com/dipay/internal/middleware/middleware.go:51.36,54.44 3 1
github.com/dipay/internal/middleware/middleware.go:54.44,56.4 1 0
github.com/dipay/internal/middleware/middleware.go:58.3,62.55 4 1
github.com/dipay/internal/middleware/middleware.go:62.55,64.4 1 0
github.com/dipay/internal/middleware/middleware.go:66.3,67.45 2 1
github.com/dipay/internal/middleware/middleware.go:67.45,69.4 1 1
github.com/dipay/internal/middleware/middleware.go:70.3,70.17 1 1
github.com/dipay/internal/middleware/middleware.go:74.63,75.54 1 1
github.com/dipay/internal/middleware/middleware.go:75.54,76.37 1 1
github.com/dipay/internal/middleware/middleware.go:76.37,78.24 2 1
github.com/dipay/internal/middleware/middleware.go:78.24,80.5 1 1
github.com/dipay/internal/middleware/middleware.go:82.4,83.28 2 1
github.com/dipay/internal/middleware/middleware.go:83.28,85.5 1 1
github.com/dipay/internal/middleware/middleware.go:87.4,89.18 3 1
github.com/dipay/internal/middleware/middleware.go:89.18,91.5 1 1
github.com/dipay/internal/middleware/middleware.go:92.4,92.20 1 1
github.com/dipay/internal/middleware/middleware.go:92.20,94.5 1 1
github.com/dipay/internal/middleware/middleware.go:95.4,95.22 1 1
github.com/dipay/internal/middleware/middleware.go:95.22,97.5 1 1
github.com/dipay/internal/middleware/middleware.go:99.4,101.18 3 1
github.com/dipay/internal/validations/validations.go:39.68,42.16 3 1
github.com/dipay/internal/validations/validations.go:42.16,43.56 1 0
github.com/dipay/internal/validations/validations.go:43.56,48.4 1 0
github.com/dipay/internal/validations/validations.go:51.2,51.25 1 1
github.com/dipay/internal/validations/validations.go:54.118,56.2 1 0
github.com/dipay/internal/validations/validations.go:58.38,62.2 1 1
github.com/dipay/internal/validations/validations.go:64.54,66.20 2 1
github.com/dipay/internal/validations/validations.go:66.20,68.3 1 1
github.com/dipay/internal/validations/validations.go:69.2,69.24 1 1
github.com/dipay/internal/validations/validations.go:69.24,71.3 1 1
github.com/dipay/internal/validations/validations.go:73.2,73.13 1 1
github.com/dipay/internal/validations/validations.go:76.53,78.19 2 1
github.com/dipay/internal/validations/validations.go:78.19,80.3 1 1
github.com/dipay/internal/validations/validations.go:82.2,82.44 1 1
github.com/dipay/internal/validations/validations.go:82.44,84.3 1 1
github.com/dipay/internal/validations/validations.go:85.2,85.13 1 1
github.com/dipay/internal/validations/validations.go:88.57,90.23 2 1
github.com/dipay/internal/validations/validations.go:90.23,92.3 1 1
github.com/dipay/internal/validations/validations.go:93.2,93.51 1 1
github.com/dipay/internal/validations/validations.go:93.51,95.3 1 1
github.com/dipay/internal/validations/validations.go:96.2,96.13 1 1
github.com/dipay/internal/validations/validations.go:98.56,100.23 2 1
github.com/dipay/internal/validations/validations.go:100.23,102.3 1 1
github.com/dipay/internal/validations/validations.go:104.2,104.26 1 1
github.com/dipay/internal/validations/validations.go:104.26,106.3 1 1
github.com/dipay/internal/validations/validations.go:107.2,109.63 3 1
github.com/dipay/internal/validations/validations.go:109.63,112.3 2 1
github.com/dipay/internal/validations/validations.go:113.2,113.62 1 1
github.com/dipay/internal/validations/validations.go:113.62,115.3 1 1
github.com/dipay/internal/validations/validations.go:117.2,117.40 1 1
github.com/dipay/internal/validations/validations.go:120.44,123.2 2 1
github.com/dipay/internal/validations/validations.go:125.50,127.17 2 1
github.com/dipay/internal/validations/validations.go:127.17,129.3 1 1
github.com/dipay/internal/validations/validations.go:130.2,130.40 1 1
github.com/dipay/internal/validations/validations.go:130.40,132.3 1 0
github.com/dipay/internal/validations/validations.go:133.2,133.28 1 1
github.com/dipay/internal/validations/validations.go:137.38,140.2 2 1
github.com/dipay/internal/validations/validations.go:142.53,144.20 2 1
github.com/dipay/internal/validations/validations.go:144.20,146.3 1 1
github.com/dipay/internal/validations/validations.go:147.2,149.24 3 1
github.com/dipay/internal/validations/validations.go:150.32,151.14 1 1
github.com/dipay/internal/validations/validations.go:152.33,153.14 1 1
github.com/dipay/internal/validations/validations.go:154.30,155.14 1 1
github.com/dipay/internal/validations/validations.go:156.10,157.15 1 1
github.com/dipay/internal/validations/validations.go:160.2,160.13 1 0
github.com/dipay/internal/validations/validations.go:162.53,164.20 2 1
github.com/dipay/internal/validations/validations.go:164.20,166.3 1 1
github.com/dipay/internal/validations/validations.go:168.2,168.13 1 1
github.com/dipay/internal/validations/validations.go:175.58,177.13 2 0
github.com/dipay/internal/validations/validations.go:177.13,179.3 1 0
github.com/dipay/internal/validations/validations.go:181.2,181.13 1 0
github.com/dipay/internal/validations/validations.go:184.54,186.20 2 1
github.com/dipay/internal/validations/validations.go:186.20,188.3 1 1
github.com/dipay/internal/validations/validations.go:190.2,190.24 1 1
github.com/dipay/internal/validations/validations.go:190.24,192.3 1 0
github.com/dipay/internal/validations/validations.go:194.2,194.13 1 1
github.com/dipay/internal/validations/validations.go:197.61,198.31 1 1
github.com/dipay/internal/validations/validations.go:198.31,201.3 2 0
github.com/dipay/internal/validations/validations.go:203.2,203.31 1 1
github.com/dipay/internal/validations/validations.go:203.31,206.3 2 0
github.com/dipay/internal/validations/validations.go:207.2,207.34 1 1
github.com/dipay/internal/validations/validations.go:207.34,210.3 2 0
github.com/dipay/internal/validations/validations.go:212.2,212.34 1 1
github.com/dipay/internal/validations/validations.go:212.34,215.3 2 0
github.com/dipay/internal/validations/validations.go:217.2,217.30 1 1
github.com/dipay/internal/validations/validations.go:217.30,220.3 2 0
github.com/dipay/internal/validations/validations.go:222.2,222.31 1 1
github.com/dipay/internal/validations/validations.go:222.31,225.3 2 0
github.com/dipay/internal/validations/validations.go:226.2,226.28 1 1
github.com/dipay/internal/validations/validations.go:226.28,229.3 2 0
github.com/dipay/internal/validations/validations.go:231.2,231.75 1 1
github.com/dipay/cmd/handlers/company_handler.go:10.68,16.2 5 1
github.com/dipay/cmd/handlers/countries_handler.go:10.72,16.2 5 1
github.com/dipay/cmd/handlers/duplicate_zero_handler.go:7.80,11.2 2 1
github.com/dipay/cmd/handlers/employee_handler.go:10.70,19.2 7 1
github.com/dipay/cmd/handlers/handlers.go:14.61,18.2 1 1
github.com/dipay/cmd/handlers/handlers.go:28.87,30.2 1 1
github.com/dipay/cmd/handlers/handlers.go:32.64,34.2 1 1
github.com/dipay/cmd/handlers/handlers.go:36.69,38.2 1 1
github.com/dipay/cmd/handlers/handlers.go:40.69,42.2 1 1
github.com/dipay/cmd/handlers/handlers.go:44.95,46.2 1 1
github.com/dipay/cmd/handlers/handlers.go:48.81,50.2 1 1
github.com/dipay/cmd/handlers/handlers.go:52.85,54.2 1 1
github.com/dipay/cmd/handlers/handlers.go:56.92,58.2 1 1
github.com/dipay/cmd/handlers/handlers.go:60.114,62.2 1 1
github.com/dipay/cmd/handlers/handlers.go:64.88,66.2 1 1
github.com/dipay/cmd/handlers/handlers.go:68.75,70.2 1 1
github.com/dipay/cmd/handlers/handlers.go:72.72,74.2 1 1
github.com/dipay/cmd/handlers/user_admin_handler.go:10.72,16.2 5 1
github.com/dipay/controller/company_controller.go:29.140,35.2 1 1
github.com/dipay/controller/company_controller.go:37.62,42.36 4 1
github.com/dipay/controller/company_controller.go:42.36,44.3 1 1
github.com/dipay/controller/company_controller.go:46.2,47.30 2 1
github.com/dipay/controller/company_controller.go:47.30,49.39 2 1
github.com/dipay/controller/company_controller.go:49.39,51.4 1 1
github.com/dipay/controller/company_controller.go:52.3,52.112 1 1
github.com/dipay/controller/company_controller.go:55.2,56.16 2 1
github.com/dipay/controller/company_controller.go:56.16,58.3 1 1
github.com/dipay/controller/company_controller.go:59.2,72.45 2 1
github.com/dipay/controller/company_controller.go:75.62,79.16 4 1
github.com/dipay/controller/company_controller.go:79.16,81.3 1 1
github.com/dipay/controller/company_controller.go:82.2,90.38 2 1
github.com/dipay/controller/company_controller.go:90.38,105.3 2 1
github.com/dipay/controller/company_controller.go:107.2,125.40 2 1
github.com/dipay/controller/company_controller.go:128.88,132.16 4 1
github.com/dipay/controller/company_controller.go:132.16,134.3 1 1
github.com/dipay/controller/company_controller.go:136.2,151.40 2 1
github.com/dipay/controller/countries_controller.go:25.114,30.2 1 1
github.com/dipay/controller/countries_controller.go:32.71,37.16 4 1
github.com/dipay/controller/countries_controller.go:37.16,39.3 1 1
github.com/dipay/controller/countries_controller.go:41.2,46.40 2 1
github.com/dipay/controller/countries_controller.go:46.40,56.3 1 1
github.com/dipay/controller/countries_controller.go:58.2,65.40 2 1
github.com/dipay/controller/duplicate_zero_controller.go:25.112,30.2 1 1
github.com/dipay/controller/duplicate_zero_controller.go:32.71,37.36 4 1
github.com/dipay/controller/duplicate_zero_controller.go:37.36,39.3 1 1
github.com/dipay/controller/duplicate_zero_controller.go:41.2,42.30 2 1
github.com/dipay/controller/duplicate_zero_controller.go:42.30,44.39 2 1
github.com/dipay/controller/duplicate_zero_controller.go:44.39,46.4 1 1
github.com/dipay/controller/duplicate_zero_controller.go:47.3,47.112 1 1
github.com/dipay/controller/duplicate_zero_controller.go:49.2,62.40 3 1
github.com/dipay/controller/employee_controller.go:31.144,37.2 1 1
github.com/dipay/controller/employee_controller.go:39.82,44.36 4 1
github.com/dipay/controller/employee_controller.go:44.36,46.3 1 1
github.com/dipay/controller/employee_controller.go:48.2,49.30 2 1
github.com/dipay/controller/employee_controller.go:49.30,51.39 2 1
github.com/dipay/controller/employee_controller.go:51.39,53.4 1 1
github.com/dipay/controller/employee_controller.go:54.3,54.112 1 1
github.com/dipay/controller/employee_controller.go:57.2,58.16 2 1
github.com/dipay/controller/employee_controller.go:58.16,60.3 1 1
github.com/dipay/controller/employee_controller.go:62.2,74.45 2 1
github.com/dipay/controller/employee_controller.go:77.87,81.22 3 1
github.com/dipay/controller/employee_controller.go:81.22,83.3 1 1
github.com/dipay/controller/employee_controller.go:84.2,85.16 2 1
github.com/dipay/controller/employee_controller.go:85.16,87.3 1 1
github.com/dipay/controller/employee_controller.go:89.2,105.40 2 1
github.com/dipay/controller/employee_controller.go:108.93,112.21 3 1
github.com/dipay/controller/employee_controller.go:112.21,114.3 1 1
github.com/dipay/controller/employee_controller.go:116.2,117.16 2 1
github.com/dipay/controller/employee_controller.go:117.16,119.3 1 1
github.com/dipay/controller/employee_controller.go:120.2,126.40 2 1
github.com/dipay/controller/employee_controller.go:126.40,139.3 2 1
github.com/dipay/controller/employee_controller.go:141.2,156.40 2 1
github.com/dipay/controller/employee_controller.go:159.108,164.36 4 1
github.com/dipay/controller/employee_controller.go:164.36,166.3 1 1
github.com/dipay/controller/employee_controller.go:168.2,169.30 2 1
github.com/dipay/controller/employee_controller.go:169.30,171.39 2 1
github.com/dipay/controller/employee_controller.go:171.39,173.4 1 1
github.com/dipay/controller/employee_controller.go:174.3,174.112 1 1
github.com/dipay/controller/employee_controller.go:177.2,178.16 2 1
github.com/dipay/controller/employee_controller.go:178.16,180.3 1 1
github.com/dipay/controller/employee_controller.go:182.2,194.45 2 1
github.com/dipay/controller/employee_controller.go:197.90,201.22 3 1
github.com/dipay/controller/employee_controller.go:201.22,203.3 1 1
github.com/dipay/controller/employee_controller.go:205.2,206.16 2 1
github.com/dipay/controller/employee_controller.go:206.16,208.3 1 1
github.com/dipay/controller/employee_controller.go:210.2,210.41 1 1
github.com/dipay/controller/user_admin_controller.go:30.148,36.2 1 1
github.com/dipay/controller/user_admin_controller.go:38.84,40.2 1 1
github.com/dipay/controller/user_admin_controller.go:42.59,47.36 4 1
github.com/dipay/controller/user_admin_controller.go:47.36,49.3 1 1
github.com/dipay/controller/user_admin_controller.go:51.2,52.30 2 1
github.com/dipay/controller/user_admin_controller.go:52.30,54.39 2 1
github.com/dipay/controller/user_admin_controller.go:54.39,56.4 1 1
github.com/dipay/controller/user_admin_controller.go:57.3,57.112 1 1
github.com/dipay/controller/user_admin_controller.go:60.2,61.16 2 1
github.com/dipay/controller/user_admin_controller.go:61.16,62.43 1 1
github.com/dipay/controller/user_admin_controller.go:62.43,64.18 2 0
github.com/dipay/controller/user_admin_controller.go:64.18,66.5 1 0
github.com/dipay/controller/user_admin_controller.go:67.4,67.42 1 0
github.com/dipay/controller/user_admin_controller.go:69.3,69.109 1 1
github.com/dipay/controller/user_admin_controller.go:72.2,83.40 2 1
github.com/dipay/controller/user_admin_controller.go:86.110,88.16 2 1
github.com/dipay/controller/user_admin_controller.go:88.16,89.43 1 1
github.com/dipay/controller/user_admin_controller.go:89.43,91.4 1 1
github.com/dipay/controller/user_admin_controller.go:92.3,92.18 1 1
github.com/dipay/controller/user_admin_controller.go:94.2,105.22 2 1
github.com/dipay/repositories/company_repository.go:25.106,30.2 1 1
github.com/dipay/repositories/company_repository.go:32.105,36.16 4 1
github.com/dipay/repositories/company_repository.go:36.16,38.3 1 1
github.com/dipay/repositories/company_repository.go:39.2,39.12 1 1
github.com/dipay/repositories/company_repository.go:42.104,46.16 4 1
github.com/dipay/repositories/company_repository.go:46.16,48.3 1 1
github.com/dipay/repositories/company_repository.go:49.2,51.31 3 1
github.com/dipay/repositories/company_repository.go:51.31,54.17 3 1
github.com/dipay/repositories/company_repository.go:54.17,56.4 1 1
github.com/dipay/repositories/company_repository.go:57.3,57.41 1 0
github.com/dipay/repositories/company_repository.go:59.2,59.23 1 1
github.com/dipay/repositories/company_repository.go:62.105,66.16 4 1
github.com/dipay/repositories/company_repository.go:66.16,68.3 1 1
github.com/dipay/repositories/company_repository.go:69.2,70.27 2 1
github.com/dipay/repositories/company_repository.go:73.103,77.16 4 1
github.com/dipay/repositories/company_repository.go:77.16,79.3 1 1
github.com/dipay/repositories/company_repository.go:80.2,80.37 1 1
github.com/dipay/repositories/company_repository.go:80.37,82.3 1 1
github.com/dipay/repositories/company_repository.go:84.2,84.12 1 1
github.com/dipay/repositories/countries_repository.go:20.105,25.2 1 1
github.com/dipay/repositories/countries_repository.go:27.94,30.16 2 1
github.com/dipay/repositories/countries_repository.go:30.16,32.3 1 1
github.com/dipay/repositories/countries_repository.go:33.2,35.16 3 1
github.com/dipay/repositories/countries_repository.go:35.16,38.3 2 1
github.com/dipay/repositories/countries_repository.go:40.2,40.30 1 1
github.com/dipay/repositories/employee_repository.go:26.107,31.2 1 1
github.com/dipay/repositories/employee_repository.go:33.105,37.16 4 1
github.com/dipay/repositories/employee_repository.go:37.16,39.3 1 1
github.com/dipay/repositories/employee_repository.go:40.2,42.31 3 1
github.com/dipay/repositories/employee_repository.go:42.31,45.17 3 1
github.com/dipay/repositories/employee_repository.go:45.17,47.4 1 1
github.com/dipay/repositories/employee_repository.go:48.3,48.42 1 0
github.com/dipay/repositories/employee_repository.go:50.2,50.23 1 1
github.com/dipay/repositories/employee_repository.go:53.106,57.16 4 1
github.com/dipay/repositories/employee_repository.go:57.16,59.3 1 1
github.com/dipay/repositories/employee_repository.go:61.2,61.12 1 1
github.com/dipay/repositories/employee_repository.go:64.106,68.16 4 1
github.com/dipay/repositories/employee_repository.go:68.16,70.3 1 1
github.com/dipay/repositories/employee_repository.go:71.2,72.27 2 1
github.com/dipay/repositories/employee_repository.go:75.104,79.16 4 1
github.com/dipay/repositories/employee_repository.go:79.16,81.3 1 1
github.com/dipay/repositories/employee_repository.go:82.2,82.37 1 1
github.com/dipay/repositories/employee_repository.go:82.37,84.3 1 1
github.com/dipay/repositories/employee_repository.go:86.2,86.12 1 1
github.com/dipay/repositories/employee_repository.go:89.84,93.16 4 1
github.com/dipay/repositories/employee_repository.go:93.16,95.3 1 1
github.com/dipay/repositories/employee_repository.go:97.2,97.12 1 1
github.com/dipay/repositories/user_admin_repository.go:21.110,26.2 1 1
github.com/dipay/repositories/user_admin_repository.go:28.104,32.16 4 1
github.com/dipay/repositories/user_admin_repository.go:32.16,34.3 1 1
github.com/dipay/repositories/user_admin_repository.go:36.2,36.12 1 1
github.com/dipay/repositories/user_admin_repository.go:39.107,43.16 4 1
github.com/dipay/repositories/user_admin_repository.go:43.16,45.3 1 1
github.com/dipay/repositories/user_admin_repository.go:46.2,47.27 2 1
github.com/dipay/usecase/company_use_case.go:28.91,32.2 1 1
github.com/dipay/usecase/company_use_case.go:34.103,46.16 3 1
github.com/dipay/usecase/company_use_case.go:46.16,48.38 2 1
github.com/dipay/usecase/company_use_case.go:48.38,49.58 1 0
github.com/dipay/usecase/company_use_case.go:49.58,50.33 1 0
github.com/dipay/usecase/company_use_case.go:50.33,53.6 2 0
github.com/dipay/usecase/company_use_case.go:56.3,56.63 1 1
github.com/dipay/usecase/company_use_case.go:59.2,59.32 1 1
github.com/dipay/usecase/company_use_case.go:62.86,64.16 2 1
github.com/dipay/usecase/company_use_case.go:64.16,65.43 1 1
github.com/dipay/usecase/company_use_case.go:65.43,67.4 1 1
github.com/dipay/usecase/company_use_case.go:68.3,68.64 1 1
github.com/dipay/usecase/company_use_case.go:71.2,71.27 1 1
github.com/dipay/usecase/company_use_case.go:74.130,78.16 3 1
github.com/dipay/usecase/company_use_case.go:78.16,80.3 1 1
github.com/dipay/usecase/company_use_case.go:82.2,83.16 2 1
github.com/dipay/usecase/company_use_case.go:83.16,84.57 1 1
github.com/dipay/usecase/company_use_case.go:84.57,86.4 1 1
github.com/dipay/usecase/company_use_case.go:87.3,87.70 1 1
github.com/dipay/usecase/company_use_case.go:90.2,92.16 3 1
github.com/dipay/usecase/company_use_case.go:92.16,94.3 1 1
github.com/dipay/usecase/company_use_case.go:95.2,95.48 1 1
github.com/dipay/usecase/countries_use_case.go:17.99,21.2 1 1
github.com/dipay/usecase/countries_use_case.go:23.104,25.16 2 1
github.com/dipay/usecase/countries_use_case.go:25.16,27.3 1 1
github.com/dipay/usecase/countries_use_case.go:28.2,28.27 1 1
github.com/dipay/usecase/employee_use_case.go:31.146,36.2 1 1
github.com/dipay/usecase/employee_use_case.go:38.134,42.16 3 1
github.com/dipay/usecase/employee_use_case.go:42.16,44.3 1 1
github.com/dipay/usecase/employee_use_case.go:46.2,47.16 2 1
github.com/dipay/usecase/employee_use_case.go:47.16,48.43 1 1
github.com/dipay/usecase/employee_use_case.go:48.43,50.4 1 1
github.com/dipay/usecase/employee_use_case.go:51.3,51.67 1 1
github.com/dipay/usecase/employee_use_case.go:54.2,64.16 3 1
github.com/dipay/usecase/employee_use_case.go:64.16,66.38 2 1
github.com/dipay/usecase/employee_use_case.go:66.38,67.58 1 0
github.com/dipay/usecase/employee_use_case.go:67.58,68.33 1 0
github.com/dipay/usecase/employee_use_case.go:68.33,70.6 1 0
github.com/dipay/usecase/employee_use_case.go:73.3,73.67 1 1
github.com/dipay/usecase/employee_use_case.go:75.2,77.16 3 1
github.com/dipay/usecase/employee_use_case.go:77.16,79.3 1 1
github.com/dipay/usecase/employee_use_case.go:80.2,80.51 1 1
github.com/dipay/usecase/employee_use_case.go:83.111,85.16 2 1
github.com/dipay/usecase/employee_use_case.go:85.16,87.3 1 1
github.com/dipay/usecase/employee_use_case.go:89.2,91.16 3 1
github.com/dipay/usecase/employee_use_case.go:91.16,92.43 1 1
github.com/dipay/usecase/employee_use_case.go:92.43,94.4 1 1
github.com/dipay/usecase/employee_use_case.go:95.3,95.64 1 1
github.com/dipay/usecase/employee_use_case.go:98.2,98.23 1 1
github.com/dipay/usecase/employee_use_case.go:102.119,104.16 2 1
github.com/dipay/usecase/employee_use_case.go:104.16,105.43 1 1
github.com/dipay/usecase/employee_use_case.go:105.43,107.4 1 1
github.com/dipay/usecase/employee_use_case.go:108.3,108.64 1 1
github.com/dipay/usecase/employee_use_case.go:111.2,111.26 1 1
github.com/dipay/usecase/employee_use_case.go:115.174,120.16 4 1
github.com/dipay/usecase/employee_use_case.go:120.16,122.3 1 1
github.com/dipay/usecase/employee_use_case.go:123.2,124.16 2 1
github.com/dipay/usecase/employee_use_case.go:124.16,125.57 1 1
github.com/dipay/usecase/employee_use_case.go:125.57,127.4 1 1
github.com/dipay/usecase/employee_use_case.go:128.3,129.38 2 1
github.com/dipay/usecase/employee_use_case.go:129.38,130.58 1 0
github.com/dipay/usecase/employee_use_case.go:130.58,131.33 1 0
github.com/dipay/usecase/employee_use_case.go:131.33,133.6 1 0
github.com/dipay/usecase/employee_use_case.go:137.3,137.67 1 1
github.com/dipay/usecase/employee_use_case.go:140.2,142.16 3 1
github.com/dipay/usecase/employee_use_case.go:142.16,144.3 1 1
github.com/dipay/usecase/employee_use_case.go:145.2,145.51 1 1
github.com/dipay/usecase/employee_use_case.go:149.94,151.16 2 1
github.com/dipay/usecase/employee_use_case.go:151.16,153.3 1 1
github.com/dipay/usecase/employee_use_case.go:155.2,156.16 2 1
github.com/dipay/usecase/employee_use_case.go:156.16,157.43 1 1
github.com/dipay/usecase/employee_use_case.go:157.43,159.4 1 1
github.com/dipay/usecase/employee_use_case.go:160.3,160.59 1 1
github.com/dipay/usecase/employee_use_case.go:162.2,162.12 1 1
github.com/dipay/usecase/use_admin_use_case.go:28.154,34.2 1 1
github.com/dipay/usecase/use_admin_use_case.go:36.95,39.16 3 1
github.com/dipay/usecase/use_admin_use_case.go:39.16,40.43 1 1
github.com/dipay/usecase/use_admin_use_case.go:40.43,42.4 1 1
github.com/dipay/usecase/use_admin_use_case.go:43.3,43.63 1 1
github.com/dipay/usecase/use_admin_use_case.go:46.2,47.16 2 1
github.com/dipay/usecase/use_admin_use_case.go:47.16,49.3 1 1
github.com/dipay/usecase/use_admin_use_case.go:51.2,52.16 2 1
github.com/dipay/usecase/use_admin_use_case.go:52.16,54.3 1 1
github.com/dipay/usecase/use_admin_use_case.go:56.2,56.19 1 1
github.com/dipay/usecase/use_admin_use_case.go:59.98,61.16 2 1
github.com/dipay/usecase/use_admin_use_case.go:61.16,63.3 1 1
github.com/dipay/usecase/use_admin_use_case.go:64.2,72.16 3 1
github.com/dipay/usecase/use_admin_use_case.go:72.16,73.43 1 1
github.com/dipay/usecase/use_admin_use_case.go:73.43,75.4 1 1
github.com/dipay/usecase/use_admin_use_case.go:76.3,76.63 1 1
github.com/dipay/usecase/use_admin_use_case.go:79.2,80.16 2 1
github.com/dipay/usecase/use_admin_use_case.go:80.16,82.3 1 1
github.com/dipay/usecase/use_admin_use_case.go:84.2,84.19 1 1
github.com/dipay/model/companies_model.go:23.32,25.2 1 1
github.com/dipay/model/companies_model.go:27.43,29.2 1 1
github.com/dipay/model/employee_model.go:23.32,25.2 1 1
github.com/dipay/model/employee_model.go:27.43,29.2 1 1
github.com/dipay/model/user_admin_model.go:24.32,26.2 1 1
github.com/dipay/model/user_admin_model.go:28.43,30.2 1 1
github.com/dipay/model/user_admin_model.go:32.93,34.16 2 1
github.com/dipay/model/user_admin_model.go:34.16,36.3 1 0
github.com/dipay/model/user_admin_model.go:37.2,37.12 1 1
github.com/dipay/model/user_admin_model.go:40.92,42.16 2 1
github.com/dipay/model/user_admin_model.go:42.16,44.3 1 0
github.com/dipay/model/user_admin_model.go:45.2,45.36 1 1
